<?xml version="1.0" encoding="UTF-8"?>
<!-- Generated by org.testng.reporters.JUnitXMLReporter -->
<testsuite ignored="0" hostname="Prasannakumar" failures="0" tests="5" name="Default test" time="0.56" errors="0" timestamp="2023-12-05T16:57:09 IST">
  <testcase classname="Attribuets" name="delay" time="0.524"/>
  <testcase classname="Attribuets" name="login" time="0.001"/>
  <testcase classname="Attribuets" name="login" time="0.001"/>
  <testcase classname="Attribuets" name="login" time="0.001"/>
  <testcase classname="Attribuets" name="ProductPage" time="0.0"/>
</testsuite> <!-- Default test -->
