<?xml version="1.0" encoding="UTF-8"?>
<!-- Generated by org.testng.reporters.JUnitXMLReporter -->
<testsuite ignored="0" hostname="Prasannakumar" failures="0" tests="4" name="Test1" time="16.57" errors="0" timestamp="2023-12-07T16:58:46 IST">
  <testcase classname="data.demo" name="verifyWithValidlogin" time="2.805"/>
  <testcase classname="data.login" name="verifyWithValidlogin" time="2.872"/>
  <testcase classname="data.Hirec" name="verifyWithValidlogin" time="1.952"/>
  <testcase classname="data.Attribuets" name="verifyWithValidlogin" time="0.001"/>
</testsuite> <!-- Test1 -->
