<?xml version="1.0" encoding="UTF-8"?>
<testng-results ignored="1" total="5" passed="4" failed="0" skipped="0">
  <reporter-output>
  </reporter-output>
  <suite started-at="2023-12-07T16:58:30 IST" name="Suite" finished-at="2023-12-07T16:58:47 IST" duration-ms="16654">
    <groups>
    </groups>
    <test started-at="2023-12-07T16:58:30 IST" name="Test1" finished-at="2023-12-07T16:58:46 IST" duration-ms="16570">
      <class name="data.Hirec">
        <test-method is-config="true" signature="launchbrowser()[pri:0, instance:data.Hirec@f6efaab]" started-at="2023-12-07T16:58:40 IST" name="launchbrowser" finished-at="2023-12-07T16:58:42 IST" duration-ms="2064" status="PASS">
          <reporter-output>
          </reporter-output>
        </test-method> <!-- launchbrowser -->
        <test-method signature="verifyWithValidlogin(java.lang.String,java.lang.String)[pri:0, instance:data.Hirec@f6efaab]" started-at="2023-12-07T16:58:42 IST" name="verifyWithValidlogin" finished-at="2023-12-07T16:58:44 IST" duration-ms="1952" status="PASS">
          <params>
            <param index="0">
              <value>
                <![CDATA[admin@yourstore.com]]>
              </value>
            </param>
            <param index="1">
              <value>
                <![CDATA[admin]]>
              </value>
            </param>
          </params>
          <reporter-output>
          </reporter-output>
        </test-method> <!-- verifyWithValidlogin -->
        <test-method is-config="true" signature="closebrowser()[pri:0, instance:data.Hirec@f6efaab]" started-at="2023-12-07T16:58:44 IST" name="closebrowser" finished-at="2023-12-07T16:58:44 IST" duration-ms="93" status="PASS">
          <reporter-output>
          </reporter-output>
        </test-method> <!-- closebrowser -->
      </class> <!-- data.Hirec -->
      <class name="data.login">
        <test-method is-config="true" signature="launchbrowser()[pri:0, instance:data.login@74f0ea28]" started-at="2023-12-07T16:58:36 IST" name="launchbrowser" finished-at="2023-12-07T16:58:37 IST" duration-ms="1778" status="PASS">
          <reporter-output>
          </reporter-output>
        </test-method> <!-- launchbrowser -->
        <test-method signature="verifyWithValidlogin(java.lang.String,java.lang.String)[pri:0, instance:data.login@74f0ea28]" started-at="2023-12-07T16:58:37 IST" name="verifyWithValidlogin" finished-at="2023-12-07T16:58:40 IST" duration-ms="2872" status="PASS">
          <params>
            <param index="0">
              <value>
                <![CDATA[admin@yourstore.com]]>
              </value>
            </param>
            <param index="1">
              <value>
                <![CDATA[admin]]>
              </value>
            </param>
          </params>
          <reporter-output>
          </reporter-output>
        </test-method> <!-- verifyWithValidlogin -->
        <test-method is-config="true" signature="closebrowser()[pri:0, instance:data.login@74f0ea28]" started-at="2023-12-07T16:58:40 IST" name="closebrowser" finished-at="2023-12-07T16:58:40 IST" duration-ms="101" status="PASS">
          <reporter-output>
          </reporter-output>
        </test-method> <!-- closebrowser -->
      </class> <!-- data.login -->
      <class name="data.Attribuets">
        <test-method is-config="true" signature="launchbrowser()[pri:0, instance:data.Attribuets@3c19aaa5]" started-at="2023-12-07T16:58:44 IST" name="launchbrowser" finished-at="2023-12-07T16:58:46 IST" duration-ms="1747" status="PASS">
          <reporter-output>
          </reporter-output>
        </test-method> <!-- launchbrowser -->
        <test-method signature="verifyWithValidlogin(java.lang.String,java.lang.String)[pri:0, instance:data.Attribuets@3c19aaa5]" started-at="2023-12-07T16:58:46 IST" name="verifyWithValidlogin" finished-at="2023-12-07T16:58:46 IST" duration-ms="1" status="PASS">
          <params>
            <param index="0">
              <value>
                <![CDATA[admin@yourstore.com]]>
              </value>
            </param>
            <param index="1">
              <value>
                <![CDATA[admin]]>
              </value>
            </param>
          </params>
          <reporter-output>
          </reporter-output>
        </test-method> <!-- verifyWithValidlogin -->
        <test-method is-config="true" signature="closebrowser()[pri:0, instance:data.Attribuets@3c19aaa5]" started-at="2023-12-07T16:58:46 IST" name="closebrowser" finished-at="2023-12-07T16:58:46 IST" duration-ms="318" status="PASS">
          <reporter-output>
          </reporter-output>
        </test-method> <!-- closebrowser -->
      </class> <!-- data.Attribuets -->
      <class name="data.demo">
        <test-method is-config="true" signature="launchbrowser()[pri:0, instance:data.demo@7e07db1f]" started-at="2023-12-07T16:58:30 IST" name="launchbrowser" finished-at="2023-12-07T16:58:33 IST" duration-ms="2700" status="PASS">
          <reporter-output>
          </reporter-output>
        </test-method> <!-- launchbrowser -->
        <test-method signature="verifyWithValidlogin(java.lang.String,java.lang.String)[pri:0, instance:data.demo@7e07db1f]" started-at="2023-12-07T16:58:33 IST" name="verifyWithValidlogin" finished-at="2023-12-07T16:58:35 IST" duration-ms="2805" status="PASS">
          <params>
            <param index="0">
              <value>
                <![CDATA[admin@yourstore.com]]>
              </value>
            </param>
            <param index="1">
              <value>
                <![CDATA[admin]]>
              </value>
            </param>
          </params>
          <reporter-output>
          </reporter-output>
        </test-method> <!-- verifyWithValidlogin -->
        <test-method is-config="true" signature="closebrowser()[pri:0, instance:data.demo@7e07db1f]" started-at="2023-12-07T16:58:35 IST" name="closebrowser" finished-at="2023-12-07T16:58:36 IST" duration-ms="102" status="PASS">
          <reporter-output>
          </reporter-output>
        </test-method> <!-- closebrowser -->
      </class> <!-- data.demo -->
    </test> <!-- Test1 -->
    <test started-at="2023-12-07T16:58:47 IST" name="Test2" finished-at="2023-12-07T16:58:47 IST" duration-ms="1">
    </test> <!-- Test2 -->
  </suite> <!-- Suite -->
</testng-results>
