<?xml version="1.0" encoding="UTF-8"?>
<testng-results ignored="0" total="5" passed="5" failed="0" skipped="0">
  <reporter-output>
  </reporter-output>
  <suite started-at="2023-12-05T16:57:08 IST" name="Default suite" finished-at="2023-12-05T16:57:09 IST" duration-ms="560">
    <groups>
    </groups>
    <test started-at="2023-12-05T16:57:08 IST" name="Default test" finished-at="2023-12-05T16:57:09 IST" duration-ms="560">
      <class name="Attribuets">
        <test-method signature="delay()[pri:0, instance:Attribuets@6ae5aa72]" started-at="2023-12-05T16:57:08 IST" name="delay" finished-at="2023-12-05T16:57:09 IST" duration-ms="524" status="PASS">
          <reporter-output>
          </reporter-output>
        </test-method> <!-- delay -->
        <test-method signature="login(java.lang.String,java.lang.String)[pri:0, instance:Attribuets@6ae5aa72]" started-at="2023-12-05T16:57:09 IST" name="login" data-provider="dataForLogin" finished-at="2023-12-05T16:57:09 IST" duration-ms="1" status="PASS">
          <params>
            <param index="0">
              <value>
                <![CDATA[kumar]]>
              </value>
            </param>
            <param index="1">
              <value>
                <![CDATA[pw123]]>
              </value>
            </param>
          </params>
          <reporter-output>
          </reporter-output>
        </test-method> <!-- login -->
        <test-method signature="login(java.lang.String,java.lang.String)[pri:0, instance:Attribuets@6ae5aa72]" started-at="2023-12-05T16:57:09 IST" name="login" data-provider="dataForLogin" finished-at="2023-12-05T16:57:09 IST" duration-ms="1" status="PASS">
          <params>
            <param index="0">
              <value>
                <![CDATA[prasanna]]>
              </value>
            </param>
            <param index="1">
              <value>
                <![CDATA[kumar123]]>
              </value>
            </param>
          </params>
          <reporter-output>
          </reporter-output>
        </test-method> <!-- login -->
        <test-method signature="login(java.lang.String,java.lang.String)[pri:0, instance:Attribuets@6ae5aa72]" started-at="2023-12-05T16:57:09 IST" name="login" data-provider="dataForLogin" finished-at="2023-12-05T16:57:09 IST" duration-ms="1" status="PASS">
          <params>
            <param index="0">
              <value>
                <![CDATA[rajesh]]>
              </value>
            </param>
            <param index="1">
              <value>
                <![CDATA[raj123]]>
              </value>
            </param>
          </params>
          <reporter-output>
          </reporter-output>
        </test-method> <!-- login -->
        <test-method signature="ProductPage()[pri:0, instance:Attribuets@6ae5aa72]" started-at="2023-12-05T16:57:09 IST" name="ProductPage" finished-at="2023-12-05T16:57:09 IST" depends-on-methods="Attribuets.login" duration-ms="0" status="PASS">
          <reporter-output>
          </reporter-output>
        </test-method> <!-- ProductPage -->
      </class> <!-- Attribuets -->
    </test> <!-- Default test -->
  </suite> <!-- Default suite -->
</testng-results>
